1711322504.049356 client started (857851): version 2.8, socket /tmp//tmux-1000/default, protocol 8
1711322504.049375 on Linux 5.15.133+ #1 SMP Wed Nov 29 11:10:14 UTC 2023; libevent 2.1.8-stable (poll)
1711322504.049384 socket is /tmp//tmux-1000/default
1711322504.049394 trying connect
1711322504.049440 add peer 0x562977800f90: 6 ((nil))
1711322504.049492 sending message 100 to peer 0x562977800f90 (4 bytes)
1711322504.049497 sending message 101 to peer 0x562977800f90 (16 bytes)
1711322504.049500 sending message 102 to peer 0x562977800f90 (11 bytes)
1711322504.049503 sending message 108 to peer 0x562977800f90 (56 bytes)
1711322504.049506 sending message 104 to peer 0x562977800f90 (0 bytes)
1711322504.049509 sending message 107 to peer 0x562977800f90 (4 bytes)
1711322504.049511 sending message 105 to peer 0x562977800f90 (21 bytes)
1711322504.049514 sending message 105 to peer 0x562977800f90 (23 bytes)
1711322504.049516 sending message 105 to peer 0x562977800f90 (30 bytes)
1711322504.049518 sending message 105 to peer 0x562977800f90 (17 bytes)
1711322504.049521 sending message 105 to peer 0x562977800f90 (60 bytes)
1711322504.049523 sending message 105 to peer 0x562977800f90 (44 bytes)
1711322504.049525 sending message 105 to peer 0x562977800f90 (33 bytes)
1711322504.049528 sending message 105 to peer 0x562977800f90 (21 bytes)
1711322504.049530 sending message 105 to peer 0x562977800f90 (30 bytes)
1711322504.049532 sending message 105 to peer 0x562977800f90 (22 bytes)
1711322504.049535 sending message 105 to peer 0x562977800f90 (32 bytes)
1711322504.049537 sending message 105 to peer 0x562977800f90 (23 bytes)
1711322504.049539 sending message 105 to peer 0x562977800f90 (22 bytes)
1711322504.049542 sending message 105 to peer 0x562977800f90 (36 bytes)
1711322504.049544 sending message 105 to peer 0x562977800f90 (33 bytes)
1711322504.049546 sending message 105 to peer 0x562977800f90 (58 bytes)
1711322504.049549 sending message 105 to peer 0x562977800f90 (20 bytes)
1711322504.049551 sending message 105 to peer 0x562977800f90 (15 bytes)
1711322504.049553 sending message 105 to peer 0x562977800f90 (59 bytes)
1711322504.049556 sending message 105 to peer 0x562977800f90 (16 bytes)
1711322504.049558 sending message 105 to peer 0x562977800f90 (43 bytes)
1711322504.049561 sending message 105 to peer 0x562977800f90 (31 bytes)
1711322504.049564 sending message 105 to peer 0x562977800f90 (32 bytes)
1711322504.049567 sending message 105 to peer 0x562977800f90 (40 bytes)
1711322504.049569 sending message 105 to peer 0x562977800f90 (31 bytes)
1711322504.049572 sending message 105 to peer 0x562977800f90 (33 bytes)
1711322504.049574 sending message 105 to peer 0x562977800f90 (79 bytes)
1711322504.049576 sending message 105 to peer 0x562977800f90 (37 bytes)
1711322504.049579 sending message 105 to peer 0x562977800f90 (64 bytes)
1711322504.049581 sending message 105 to peer 0x562977800f90 (19 bytes)
1711322504.049583 sending message 105 to peer 0x562977800f90 (15 bytes)
1711322504.049586 sending message 105 to peer 0x562977800f90 (19 bytes)
1711322504.049588 sending message 105 to peer 0x562977800f90 (27 bytes)
1711322504.049590 sending message 105 to peer 0x562977800f90 (18 bytes)
1711322504.049593 sending message 105 to peer 0x562977800f90 (8 bytes)
1711322504.049595 sending message 105 to peer 0x562977800f90 (23 bytes)
1711322504.049597 sending message 105 to peer 0x562977800f90 (32 bytes)
1711322504.049600 sending message 105 to peer 0x562977800f90 (1506 bytes)
1711322504.049608 sending message 105 to peer 0x562977800f90 (30 bytes)
1711322504.049610 sending message 105 to peer 0x562977800f90 (64 bytes)
1711322504.049613 sending message 105 to peer 0x562977800f90 (35 bytes)
1711322504.049616 sending message 105 to peer 0x562977800f90 (52 bytes)
1711322504.049618 sending message 105 to peer 0x562977800f90 (16 bytes)
1711322504.049620 sending message 105 to peer 0x562977800f90 (25 bytes)
1711322504.049623 sending message 105 to peer 0x562977800f90 (61 bytes)
1711322504.049625 sending message 105 to peer 0x562977800f90 (63 bytes)
1711322504.049628 sending message 105 to peer 0x562977800f90 (56 bytes)
1711322504.049636 sending message 105 to peer 0x562977800f90 (11 bytes)
1711322504.049639 sending message 105 to peer 0x562977800f90 (311 bytes)
1711322504.049641 sending message 105 to peer 0x562977800f90 (60 bytes)
1711322504.049644 sending message 105 to peer 0x562977800f90 (15 bytes)
1711322504.049646 sending message 105 to peer 0x562977800f90 (8 bytes)
1711322504.049649 sending message 105 to peer 0x562977800f90 (55 bytes)
1711322504.049651 sending message 105 to peer 0x562977800f90 (32 bytes)
1711322504.049654 sending message 105 to peer 0x562977800f90 (48 bytes)
1711322504.049656 sending message 105 to peer 0x562977800f90 (19 bytes)
1711322504.049659 sending message 105 to peer 0x562977800f90 (21 bytes)
1711322504.049661 sending message 105 to peer 0x562977800f90 (12 bytes)
1711322504.049664 sending message 105 to peer 0x562977800f90 (38 bytes)
1711322504.049666 sending message 105 to peer 0x562977800f90 (13 bytes)
1711322504.049668 sending message 105 to peer 0x562977800f90 (37 bytes)
1711322504.049671 sending message 105 to peer 0x562977800f90 (41 bytes)
1711322504.049673 sending message 105 to peer 0x562977800f90 (28 bytes)
1711322504.049675 sending message 105 to peer 0x562977800f90 (59 bytes)
1711322504.049678 sending message 105 to peer 0x562977800f90 (29 bytes)
1711322504.049680 sending message 105 to peer 0x562977800f90 (35 bytes)
1711322504.049683 sending message 105 to peer 0x562977800f90 (20 bytes)
1711322504.049685 sending message 105 to peer 0x562977800f90 (47 bytes)
1711322504.049688 sending message 105 to peer 0x562977800f90 (26 bytes)
1711322504.049690 sending message 105 to peer 0x562977800f90 (16 bytes)
1711322504.049692 sending message 106 to peer 0x562977800f90 (0 bytes)
1711322504.049695 sending message 200 to peer 0x562977800f90 (4 bytes)
1711322504.049698 client loop enter
1711322504.050042 peer 0x562977800f90 message 211
1711322504.050050 client_write: sessions should be nested with care, unset $TMUX to force\n
1711322504.050064 peer 0x562977800f90 message 203
1711322504.050067 client loop exit
